Using pre-set license
Built from '2020.3/release' branch; Version is '2020.3.15f2 (6cf78cb77498) revision 7141260'; Using compiler version '192528614'; Build Type 'Release'
OS: 'Windows 10 Home Single Language; OS build 22621.2428; Version 2009; 64bit' Language: 'en' Physical Memory: 7812 MB
BatchMode: 1, IsHumanControllingUs: 0, StartBugReporterOnCrash: 0, Is64bit: 1, IsPro: 0

 COMMAND LINE ARGUMENTS:
D:\Unity\2020.3.15f2\Editor\Unity.exe
-adb2
-batchMode
-noUpm
-name
AssetImportWorker0
-projectPath
D:/Unity Project/AR_Bowling/AR_Bowling-main
-logFile
Logs/AssetImportWorker0.log
-srvPort
51913
Successfully changed project path to: D:/Unity Project/AR_Bowling/AR_Bowling-main
D:/Unity Project/AR_Bowling/AR_Bowling-main
Using Asset Import Pipeline V2.
Refreshing native plugins compatible for Editor in 49.71 ms, found 8 plugins.
Preloading 0 native plugins for Editor in 0.00 ms.
Initialize engine version: 2020.3.15f2 (6cf78cb77498)
[Subsystems] Discovering subsystems at path D:/Unity/2020.3.15f2/Editor/Data/Resources/UnitySubsystems
[Subsystems] Discovering subsystems at path D:/Unity Project/AR_Bowling/AR_Bowling-main/Assets
GfxDevice: creating device client; threaded=0
Direct3D:
    Version:  Direct3D 11.0 [level 11.1]
    Renderer: NVIDIA GeForce RTX 3050 Ti Laptop GPU (ID=0x25a0)
    Vendor:   
    VRAM:     3976 MB
    Driver:   31.0.15.3161
Initialize mono
Mono path[0] = 'D:/Unity/2020.3.15f2/Editor/Data/Managed'
Mono path[1] = 'D:/Unity/2020.3.15f2/Editor/Data/MonoBleedingEdge/lib/mono/unityjit'
Mono config path = 'D:/Unity/2020.3.15f2/Editor/Data/MonoBleedingEdge/etc'
Using monoOptions --debugger-agent=transport=dt_socket,embedding=1,server=y,suspend=n,address=127.0.0.1:56952
Begin MonoManager ReloadAssembly
Registering precompiled unity dll's ...
Register platform support module: D:/Unity/2020.3.15f2/Editor/Data/PlaybackEngines/WindowsStandaloneSupport/UnityEditor.WindowsStandalone.Extensions.dll
Registered in 0.001391 seconds.
Native extension for WindowsStandalone target not found
Refreshing native plugins compatible for Editor in 33.10 ms, found 8 plugins.
Preloading 0 native plugins for Editor in 0.00 ms.
Mono: successfully reloaded assembly
- Completed reload, in  2.253 seconds
Domain Reload Profiling:
	ReloadAssembly (2253ms)
		BeginReloadAssembly (37ms)
			ExecutionOrderSort (0ms)
			DisableScriptedObjects (0ms)
			BackupInstance (0ms)
			ReleaseScriptingObjects (0ms)
			CreateAndSetChildDomain (1ms)
		EndReloadAssembly (280ms)
			LoadAssemblies (36ms)
			RebuildTransferFunctionScriptingTraits (0ms)
			SetupTypeCache (95ms)
			ReleaseScriptCaches (0ms)
			RebuildScriptCaches (18ms)
			SetupLoadedEditorAssemblies (120ms)
				LogAssemblyErrors (0ms)
				InitializePlatformSupportModulesInManaged (3ms)
				SetLoadedEditorAssemblies (0ms)
				RefreshPlugins (33ms)
				BeforeProcessingInitializeOnLoad (15ms)
				ProcessInitializeOnLoadAttributes (52ms)
				ProcessInitializeOnLoadMethodAttributes (17ms)
				AfterProcessingInitializeOnLoad (0ms)
				EditorAssembliesLoaded (0ms)
			ExecutionOrderSort2 (0ms)
			AwakeInstancesAfterBackupRestoration (0ms)
Platform modules already initialized, skipping
Registering precompiled user dll's ...
Registered in 0.012320 seconds.
Begin MonoManager ReloadAssembly
Native extension for WindowsStandalone target not found
Refreshing native plugins compatible for Editor in 32.56 ms, found 8 plugins.
Preloading 0 native plugins for Editor in 0.00 ms.
Mono: successfully reloaded assembly
- Completed reload, in  0.934 seconds
Domain Reload Profiling:
	ReloadAssembly (934ms)
		BeginReloadAssembly (83ms)
			ExecutionOrderSort (0ms)
			DisableScriptedObjects (2ms)
			BackupInstance (0ms)
			ReleaseScriptingObjects (0ms)
			CreateAndSetChildDomain (13ms)
		EndReloadAssembly (818ms)
			LoadAssemblies (107ms)
			RebuildTransferFunctionScriptingTraits (0ms)
			SetupTypeCache (263ms)
			ReleaseScriptCaches (1ms)
			RebuildScriptCaches (33ms)
			SetupLoadedEditorAssemblies (335ms)
				LogAssemblyErrors (0ms)
				InitializePlatformSupportModulesInManaged (3ms)
				SetLoadedEditorAssemblies (0ms)
				RefreshPlugins (33ms)
				BeforeProcessingInitializeOnLoad (65ms)
				ProcessInitializeOnLoadAttributes (230ms)
				ProcessInitializeOnLoadMethodAttributes (4ms)
				AfterProcessingInitializeOnLoad (1ms)
				EditorAssembliesLoaded (0ms)
			ExecutionOrderSort2 (0ms)
			AwakeInstancesAfterBackupRestoration (3ms)
Platform modules already initialized, skipping
========================================================================
Worker process is ready to serve import requests
Launched and connected shader compiler UnityShaderCompiler.exe after 0.04 seconds
Refreshing native plugins compatible for Editor in 0.59 ms, found 8 plugins.
Preloading 0 native plugins for Editor in 0.00 ms.
Unloading 3144 Unused Serialized files (Serialized files now loaded: 0)
System memory in use before: 129.6 MB.
System memory in use after: 129.8 MB.

Unloading 42 unused Assets to reduce memory usage. Loaded Objects now: 3584.
Total: 3.811000 ms (FindLiveObjects: 0.313600 ms CreateObjectMapping: 0.109700 ms MarkObjects: 3.170300 ms  DeleteObjects: 0.216200 ms)

AssetImportParameters requested are different than current active one (requested -> active):
  custom:framework-win-MediaFoundation: 216162199b28c13a410421893ffa2e32 -> 
  custom:video-decoder-ogg-theora: a1e56fd34408186e4bbccfd4996cb3dc -> 
  custom:container-muxer-webm: aa71ff27fc2769a1b78a27578f13a17b -> 
  custom:container-demuxer-webm: 4f35f7cbe854078d1ac9338744f61a02 -> 
  custom:container-demuxer-ogg: 62fdf1f143b41e24485cea50d1cbac27 -> 
  custom:video-encoder-webm-vp8: eb34c28f22e8b96e1ab97ce403110664 -> 
  custom:video-codec-MediaFoundation-h265: 746d11721c4dcdbdad8f713fa42b33f4 -> 
  custom:video-decoder-webm-vp8: 9c59270c3fd7afecdb556c50c9e8de78 -> 
  custom:audio-decoder-ogg-vorbis: bf7c407c2cedff20999df2af8eb42d56 -> 
  custom:audio-encoder-webm-vorbis: bf7c407c2cedff20999df2af8eb42d56 -> 
========================================================================
Received Import Request.
  path: Assets/Scenes/Customize.unity
  artifactKey: Guid(ace00a66a6d1ee64f91f6966503167d7) Importer(815301076,1909f56bfc062723c751e8b465ee728b)
Start importing Assets/Scenes/Customize.unity using Guid(ace00a66a6d1ee64f91f6966503167d7) Importer(815301076,1909f56bfc062723c751e8b465ee728b)  -> (artifact id: '144ff8d072a366c4310d61ea6fd1a8cc') in 0.024414 seconds 
  Import took 0.028926 seconds .

========================================================================
Received Import Request.
  Time since last request: 27.444816 seconds.
  path: Assets/Scenes/02_Customize.unity
  artifactKey: Guid(ace00a66a6d1ee64f91f6966503167d7) Importer(815301076,1909f56bfc062723c751e8b465ee728b)
Start importing Assets/Scenes/02_Customize.unity using Guid(ace00a66a6d1ee64f91f6966503167d7) Importer(815301076,1909f56bfc062723c751e8b465ee728b)  -> (artifact id: '8e81471fc8372d8294bef83cbe228f5e') in 0.011039 seconds 
  Import took 0.015711 seconds .

========================================================================
Received Import Request.
  Time since last request: 9.650603 seconds.
  path: Assets/Scenes/01_Gameplay.unity
  artifactKey: Guid(9fc0d4010bbf28b4594072e72b8655ab) Importer(815301076,1909f56bfc062723c751e8b465ee728b)
Start importing Assets/Scenes/01_Gameplay.unity using Guid(9fc0d4010bbf28b4594072e72b8655ab) Importer(815301076,1909f56bfc062723c751e8b465ee728b)  -> (artifact id: 'f5e72a8d96716481f5d41398f8fa1b7a') in 0.010793 seconds 
  Import took 0.015160 seconds .

========================================================================
Received Import Request.
  Time since last request: 1.179699 seconds.
  path: Assets/Scenes/Menu.unity
  artifactKey: Guid(ed4a9323703c16043888558ffb7f64b3) Importer(815301076,1909f56bfc062723c751e8b465ee728b)
Start importing Assets/Scenes/Menu.unity using Guid(ed4a9323703c16043888558ffb7f64b3) Importer(815301076,1909f56bfc062723c751e8b465ee728b)  -> (artifact id: '70111ca5b9bb46cfe9503e06de891841') in 0.013628 seconds 
  Import took 0.020049 seconds .

========================================================================
Received Import Request.
  Time since last request: 5.567861 seconds.
  path: Assets/Scenes/00_Menu.unity
  artifactKey: Guid(ed4a9323703c16043888558ffb7f64b3) Importer(815301076,1909f56bfc062723c751e8b465ee728b)
Start importing Assets/Scenes/00_Menu.unity using Guid(ed4a9323703c16043888558ffb7f64b3) Importer(815301076,1909f56bfc062723c751e8b465ee728b)  -> (artifact id: 'c4a7f90e756c45416bc8ed626d20f658') in 0.009297 seconds 
  Import took 0.013587 seconds .

========================================================================
Received Prepare
Registering precompiled user dll's ...
Registered in 0.008542 seconds.
Begin MonoManager ReloadAssembly
Native extension for WindowsStandalone target not found
Refreshing native plugins compatible for Editor in 1.03 ms, found 8 plugins.
Preloading 0 native plugins for Editor in 0.00 ms.
Mono: successfully reloaded assembly
- Completed reload, in  0.988 seconds
Domain Reload Profiling:
	ReloadAssembly (990ms)
		BeginReloadAssembly (256ms)
			ExecutionOrderSort (0ms)
			DisableScriptedObjects (30ms)
			BackupInstance (0ms)
			ReleaseScriptingObjects (0ms)
			CreateAndSetChildDomain (138ms)
		EndReloadAssembly (696ms)
			LoadAssemblies (77ms)
			RebuildTransferFunctionScriptingTraits (0ms)
			SetupTypeCache (243ms)
			ReleaseScriptCaches (1ms)
			RebuildScriptCaches (25ms)
			SetupLoadedEditorAssemblies (276ms)
				LogAssemblyErrors (0ms)
				InitializePlatformSupportModulesInManaged (4ms)
				SetLoadedEditorAssemblies (1ms)
				RefreshPlugins (1ms)
				BeforeProcessingInitializeOnLoad (58ms)
				ProcessInitializeOnLoadAttributes (207ms)
				ProcessInitializeOnLoadMethodAttributes (3ms)
				AfterProcessingInitializeOnLoad (1ms)
				EditorAssembliesLoaded (0ms)
			ExecutionOrderSort2 (0ms)
			AwakeInstancesAfterBackupRestoration (5ms)
Platform modules already initialized, skipping
Refreshing native plugins compatible for Editor in 0.56 ms, found 8 plugins.
Preloading 0 native plugins for Editor in 0.00 ms.
Unloading 3120 Unused Serialized files (Serialized files now loaded: 0)
System memory in use before: 128.9 MB.
System memory in use after: 129.2 MB.

Unloading 35 unused Assets to reduce memory usage. Loaded Objects now: 3588.
Total: 3.065700 ms (FindLiveObjects: 0.190000 ms CreateObjectMapping: 0.072600 ms MarkObjects: 2.624000 ms  DeleteObjects: 0.178000 ms)

AssetImportParameters requested are different than current active one (requested -> active):
  custom:framework-win-MediaFoundation: 216162199b28c13a410421893ffa2e32 -> 
  custom:video-decoder-ogg-theora: a1e56fd34408186e4bbccfd4996cb3dc -> 
  custom:container-muxer-webm: aa71ff27fc2769a1b78a27578f13a17b -> 
  custom:container-demuxer-webm: 4f35f7cbe854078d1ac9338744f61a02 -> 
  custom:container-demuxer-ogg: 62fdf1f143b41e24485cea50d1cbac27 -> 
  custom:video-encoder-webm-vp8: eb34c28f22e8b96e1ab97ce403110664 -> 
  custom:video-codec-MediaFoundation-h265: 746d11721c4dcdbdad8f713fa42b33f4 -> 
  custom:video-decoder-webm-vp8: 9c59270c3fd7afecdb556c50c9e8de78 -> 
  custom:audio-decoder-ogg-vorbis: bf7c407c2cedff20999df2af8eb42d56 -> 
  custom:audio-encoder-webm-vorbis: bf7c407c2cedff20999df2af8eb42d56 -> 
========================================================================
Received Import Request.
  Time since last request: 1545.108687 seconds.
  path: Assets/Scenes/02_Customize.unity
  artifactKey: Guid(ace00a66a6d1ee64f91f6966503167d7) Importer(815301076,1909f56bfc062723c751e8b465ee728b)
Start importing Assets/Scenes/02_Customize.unity using Guid(ace00a66a6d1ee64f91f6966503167d7) Importer(815301076,1909f56bfc062723c751e8b465ee728b)  -> (artifact id: 'b7f00617550e7b99fe1e285640590630') in 0.057779 seconds 
  Import took 0.062319 seconds .

========================================================================
Received Import Request.
  Time since last request: 38.320716 seconds.
  path: Assets/Scenes/00_Menu.unity
  artifactKey: Guid(ed4a9323703c16043888558ffb7f64b3) Importer(815301076,1909f56bfc062723c751e8b465ee728b)
Start importing Assets/Scenes/00_Menu.unity using Guid(ed4a9323703c16043888558ffb7f64b3) Importer(815301076,1909f56bfc062723c751e8b465ee728b)  -> (artifact id: 'cc8dd1258f6b056c2da71e767c2ef96b') in 0.014582 seconds 
  Import took 0.020009 seconds .

========================================================================
Received Prepare
Registering precompiled user dll's ...
Registered in 0.019020 seconds.
Begin MonoManager ReloadAssembly
Native extension for WindowsStandalone target not found
Refreshing native plugins compatible for Editor in 1.62 ms, found 8 plugins.
Preloading 0 native plugins for Editor in 0.00 ms.
Mono: successfully reloaded assembly
- Completed reload, in  1.716 seconds
Domain Reload Profiling:
	ReloadAssembly (1716ms)
		BeginReloadAssembly (158ms)
			ExecutionOrderSort (0ms)
			DisableScriptedObjects (7ms)
			BackupInstance (0ms)
			ReleaseScriptingObjects (0ms)
			CreateAndSetChildDomain (55ms)
		EndReloadAssembly (1485ms)
			LoadAssemblies (183ms)
			RebuildTransferFunctionScriptingTraits (0ms)
			SetupTypeCache (527ms)
			ReleaseScriptCaches (1ms)
			RebuildScriptCaches (58ms)
			SetupLoadedEditorAssemblies (560ms)
				LogAssemblyErrors (0ms)
				InitializePlatformSupportModulesInManaged (5ms)
				SetLoadedEditorAssemblies (1ms)
				RefreshPlugins (2ms)
				BeforeProcessingInitializeOnLoad (120ms)
				ProcessInitializeOnLoadAttributes (422ms)
				ProcessInitializeOnLoadMethodAttributes (8ms)
				AfterProcessingInitializeOnLoad (2ms)
				EditorAssembliesLoaded (0ms)
			ExecutionOrderSort2 (0ms)
			AwakeInstancesAfterBackupRestoration (13ms)
Platform modules already initialized, skipping
Refreshing native plugins compatible for Editor in 1.21 ms, found 8 plugins.
Preloading 0 native plugins for Editor in 0.00 ms.
Unloading 3120 Unused Serialized files (Serialized files now loaded: 0)
System memory in use before: 129.0 MB.
System memory in use after: 129.2 MB.

Unloading 35 unused Assets to reduce memory usage. Loaded Objects now: 3592.
Total: 5.320700 ms (FindLiveObjects: 0.300500 ms CreateObjectMapping: 0.105900 ms MarkObjects: 4.746100 ms  DeleteObjects: 0.166400 ms)

AssetImportParameters requested are different than current active one (requested -> active):
  custom:framework-win-MediaFoundation: 216162199b28c13a410421893ffa2e32 -> 
  custom:video-decoder-ogg-theora: a1e56fd34408186e4bbccfd4996cb3dc -> 
  custom:container-muxer-webm: aa71ff27fc2769a1b78a27578f13a17b -> 
  custom:container-demuxer-webm: 4f35f7cbe854078d1ac9338744f61a02 -> 
  custom:container-demuxer-ogg: 62fdf1f143b41e24485cea50d1cbac27 -> 
  custom:video-encoder-webm-vp8: eb34c28f22e8b96e1ab97ce403110664 -> 
  custom:video-codec-MediaFoundation-h265: 746d11721c4dcdbdad8f713fa42b33f4 -> 
  custom:video-decoder-webm-vp8: 9c59270c3fd7afecdb556c50c9e8de78 -> 
  custom:audio-decoder-ogg-vorbis: bf7c407c2cedff20999df2af8eb42d56 -> 
  custom:audio-encoder-webm-vorbis: bf7c407c2cedff20999df2af8eb42d56 -> 
========================================================================
Received Import Request.
  Time since last request: 174.819579 seconds.
  path: Assets/Prefabs/Bowling Pins.prefab
  artifactKey: Guid(8dd3bf51ff147a349be33a3f6f6587ed) Importer(815301076,1909f56bfc062723c751e8b465ee728b)
Start importing Assets/Prefabs/Bowling Pins.prefab using Guid(8dd3bf51ff147a349be33a3f6f6587ed) Importer(815301076,1909f56bfc062723c751e8b465ee728b)  -> (artifact id: '15a71f24f6c4d9cbef6871f8f62db6c6') in 0.167301 seconds 
  Import took 0.171507 seconds .

========================================================================
Received Import Request.
  Time since last request: 0.000179 seconds.
  path: Assets/Prefabs/Cube.prefab
  artifactKey: Guid(31c5f633923bba2448ed24d66349a0c6) Importer(815301076,1909f56bfc062723c751e8b465ee728b)
Start importing Assets/Prefabs/Cube.prefab using Guid(31c5f633923bba2448ed24d66349a0c6) Importer(815301076,1909f56bfc062723c751e8b465ee728b)  -> (artifact id: 'e1c8cd05baf4efe79b3da453bec1d06f') in 0.014069 seconds 
  Import took 0.018696 seconds .

========================================================================
Received Import Request.
  Time since last request: 0.000318 seconds.
  path: Assets/Prefabs/Sphere.prefab
  artifactKey: Guid(5ec5b0ca3921a9a45aee70890fb0d913) Importer(815301076,1909f56bfc062723c751e8b465ee728b)
Start importing Assets/Prefabs/Sphere.prefab using Guid(5ec5b0ca3921a9a45aee70890fb0d913) Importer(815301076,1909f56bfc062723c751e8b465ee728b)  -> (artifact id: '3c5720c62c137fe651f7738d50bda267') in 0.024426 seconds 
  Import took 0.028346 seconds .

========================================================================
Received Import Request.
  Time since last request: 11.006208 seconds.
  path: Assets/Texture/concentric.png
  artifactKey: Guid(580e473c79dfa164c8b522c6720e1470) Importer(815301076,1909f56bfc062723c751e8b465ee728b)
Start importing Assets/Texture/concentric.png using Guid(580e473c79dfa164c8b522c6720e1470) Importer(815301076,1909f56bfc062723c751e8b465ee728b)  -> (artifact id: 'f422cb81aacc2026dc29622e23bff302') in 0.087167 seconds 
  Import took 0.091335 seconds .

========================================================================
Received Import Request.
  Time since last request: 0.000261 seconds.
  path: Assets/Texture/ui_button_image.png
  artifactKey: Guid(881e6b95e665f1c4a830150fce7fa2d5) Importer(815301076,1909f56bfc062723c751e8b465ee728b)
Start importing Assets/Texture/ui_button_image.png using Guid(881e6b95e665f1c4a830150fce7fa2d5) Importer(815301076,1909f56bfc062723c751e8b465ee728b)  -> (artifact id: 'cf9338a1fc5ce018b139e863125434c5') in 0.029585 seconds 
  Import took 0.034503 seconds .

========================================================================
Received Import Request.
  Time since last request: 0.000515 seconds.
  path: Assets/Texture/refresh_button_image.png
  artifactKey: Guid(93a6840ee0ab8674d9b3f1a95e491407) Importer(815301076,1909f56bfc062723c751e8b465ee728b)
Start importing Assets/Texture/refresh_button_image.png using Guid(93a6840ee0ab8674d9b3f1a95e491407) Importer(815301076,1909f56bfc062723c751e8b465ee728b)  -> (artifact id: '933035be01651b87996e5029c1624a59') in 0.026156 seconds 
  Import took 0.030381 seconds .

========================================================================
Received Import Request.
  Time since last request: 973.978861 seconds.
  path: Assets/Texture
  artifactKey: Guid(3db9c04938772c041a619bf2563b29cd) Importer(815301076,1909f56bfc062723c751e8b465ee728b)
Start importing Assets/Texture using Guid(3db9c04938772c041a619bf2563b29cd) Importer(815301076,1909f56bfc062723c751e8b465ee728b)  -> (artifact id: '6be6d3f14eec75822e3c4b52795fa0ff') in 0.024366 seconds 
  Import took 0.162835 seconds .

========================================================================
Received Import Request.
  Time since last request: 15.299318 seconds.
  path: Assets/Texture/home-button.png
  artifactKey: Guid(2bf3df3ea0054744093618ff0feb4938) Importer(815301076,1909f56bfc062723c751e8b465ee728b)
Start importing Assets/Texture/home-button.png using Guid(2bf3df3ea0054744093618ff0feb4938) Importer(815301076,1909f56bfc062723c751e8b465ee728b)  -> (artifact id: 'bca2efcad48f46472aeb4754ac4e84a6') in 0.206925 seconds 
  Import took 0.213395 seconds .

========================================================================
Received Import Request.
  Time since last request: 21.066401 seconds.
  path: Assets/Texture/home-button.png
  artifactKey: Guid(2bf3df3ea0054744093618ff0feb4938) Importer(815301076,1909f56bfc062723c751e8b465ee728b)
Start importing Assets/Texture/home-button.png using Guid(2bf3df3ea0054744093618ff0feb4938) Importer(815301076,1909f56bfc062723c751e8b465ee728b)  -> (artifact id: '08a37c7ae12ba977628b415cb22b7a41') in 0.046794 seconds 
  Import took 0.052283 seconds .

AssetImportWorkerClient::OnTransportError - code=2 error=End of file
